<?xml version="1.0" encoding="UTF-8"?>
<!-- Generated by org.testng.reporters.JUnitXMLReporter -->
<testsuite hostname="LAPTOP-UR72A20M" ignored="0" name="Test" tests="6" failures="0" timestamp="18 Nov 2020 17:17:09 GMT" time="72.886" errors="0">
  <testcase name="testDeleteCustomer" time="14.102" classname="com.acti.testcase.TC03_DeleteCustomer"/>
  <testcase name="TestLoginFunction" time="3.284" classname="com.acti.testcase.TC01_LoginTest"/>
  <testcase name="testLoginWithMultipleUsers" time="3.262" classname="com.acti.testcase.TC01_LoginTest"/>
  <testcase name="testLoginWithMultipleUsers" time="3.252" classname="com.acti.testcase.TC01_LoginTest"/>
  <testcase name="testVerifyLogo" time="3.074" classname="com.acti.testcase.TC01_LoginTest"/>
  <testcase name="testCreateCustomer" time="4.026" classname="com.acti.testcase.TC02_CreateCustomer"/>
</testsuite> <!-- Test -->
